2025-05-07 16:57:44,357 - PLCSim_DualLift_ST - INFO - Setting up dual-lift server on endpoint: opc.tcp://127.0.0.1:4860/gibas/plc/
2025-05-07 16:57:47,282 - PLCSim_DualLift_ST - INFO - Server initialized with basic setup, now adding namespaces and nodes...
2025-05-07 16:57:47,282 - PLCSim_DualLift_ST - INFO - Registered namespace with index: 2
2025-05-07 16:57:47,797 - PLCSim_DualLift_ST - INFO - Created LiftSystem object node
2025-05-07 16:57:47,798 - PLCSim_DualLift_ST - INFO - Creating variables for Lift1
2025-05-07 16:57:47,808 - PLCSim_DualLift_ST - INFO - Creating variables for Lift2
2025-05-07 16:57:47,815 - PLCSim_DualLift_ST - INFO - OPC UA Server Variables Initialized
2025-05-07 16:57:47,815 - PLCSim_DualLift_ST - INFO - Dual Lift PLC Simulator Server Started (ST Logic).
2025-05-07 16:57:57,487 - PLCSim_DualLift_ST - INFO - ******* JOB RECEIVED DEBUG *******
2025-05-07 16:57:57,487 - PLCSim_DualLift_ST - INFO - [Lift1] Read method returned: Type=1, Origin=10, Dest=55
2025-05-07 16:57:57,488 - PLCSim_DualLift_ST - INFO - [Lift1] Direct node read: Type=1, Origin=10, Dest=55
2025-05-07 16:57:57,488 - PLCSim_DualLift_ST - INFO - [Lift1] Node datatypes: Type=4, Origin=4, Dest=4
2025-05-07 16:57:57,489 - PLCSim_DualLift_ST - INFO - [Lift1] State dictionary: Type=1, Origin=10, Dest=55
2025-05-07 16:57:57,489 - PLCSim_DualLift_ST - INFO - ********************************
2025-05-07 16:57:57,489 - PLCSim_DualLift_ST - ERROR - Error writing to OPC path Lift1/Eco_iTaskType: The value supplied for the attribute is not of the same type as the attribute"s value.(BadTypeMismatch)
2025-05-07 16:57:57,490 - PLCSim_DualLift_ST - INFO - [Lift1] Received Job Request: Type=1, Origin=10, Dest=55
2025-05-07 16:57:57,490 - PLCSim_DualLift_ST - INFO - [Lift1] Cycle transition: 10 -> 25
2025-05-07 16:57:57,704 - PLCSim_DualLift_ST - INFO - [Lift1] Validating job: Type=1, Origin=10, Dest=55
2025-05-07 16:57:57,704 - PLCSim_DualLift_ST - INFO - [Lift1] Assignment Validated Successfully.
2025-05-07 16:57:57,705 - PLCSim_DualLift_ST - INFO - [Lift1] Cycle transition: 25 -> 30
2025-05-07 16:57:57,906 - PLCSim_DualLift_ST - INFO - [Lift1] Processing Accepted Job: Type=1, Origin=10, Dest=55
2025-05-07 16:57:57,907 - PLCSim_DualLift_ST - INFO - [Lift1] Current Position: Pos=5, Fork=0
2025-05-07 16:57:57,907 - PLCSim_DualLift_ST - INFO - [Lift1] Need to move to origin, proceeding to handshake
2025-05-07 16:57:57,908 - PLCSim_DualLift_ST - INFO - [Lift1] Cycle transition: 30 -> 100
2025-05-07 16:57:59,504 - PLCSim_DualLift_ST - INFO - [Lift1] Handshake Ack received for GetTray.
2025-05-07 16:57:59,506 - PLCSim_DualLift_ST - INFO - [Lift1] Cycle transition: 100 -> 101
2025-05-07 16:57:59,682 - PLCSim_DualLift_ST - INFO - [Lift1] Cycle transition: 101 -> 102
2025-05-07 16:58:01,934 - PLCSim_DualLift_ST - INFO - [Lift1] Engine movement finished. Reached: 10
2025-05-07 16:58:01,935 - PLCSim_DualLift_ST - INFO - [Lift1] Already at Origin 10.
2025-05-07 16:58:01,936 - PLCSim_DualLift_ST - INFO - [Lift1] Cycle transition: 102 -> 105
2025-05-07 16:58:02,152 - PLCSim_DualLift_ST - INFO - [Lift1] Cycle transition: 105 -> 150
2025-05-07 16:58:02,357 - PLCSim_DualLift_ST - INFO - [Lift1] Moving forks to 1 for pickup at 10
2025-05-07 16:58:02,950 - PLCSim_DualLift_ST - INFO - [Lift1] Fork movement finished. Reached: 1
2025-05-07 16:58:02,952 - PLCSim_DualLift_ST - INFO - [Lift1] Cycle transition: 153 -> 155
2025-05-07 16:58:05,358 - PLCSim_DualLift_ST - INFO - [Lift1] Engine movement finished. Reached: 10
2025-05-07 16:58:05,360 - PLCSim_DualLift_ST - INFO - [Lift1] Cycle transition: 156 -> 160
2025-05-07 16:58:06,181 - PLCSim_DualLift_ST - INFO - [Lift1] Fork movement finished. Reached: 0
2025-05-07 16:58:06,181 - PLCSim_DualLift_ST - INFO - [Lift1] Cycle transition: 163 -> 199
2025-05-07 16:58:06,392 - PLCSim_DualLift_ST - INFO - [Lift1] Cycle transition: 199 -> 201
2025-05-07 16:58:08,424 - PLCSim_DualLift_ST - INFO - [Lift1] Handshake Ack received for SetTray.
2025-05-07 16:58:08,425 - PLCSim_DualLift_ST - INFO - [Lift1] Cycle transition: 201 -> 202
2025-05-07 16:58:10,702 - PLCSim_DualLift_ST - INFO - [Lift1] Engine movement finished. Reached: 55
2025-05-07 16:58:10,704 - PLCSim_DualLift_ST - INFO - [Lift1] Already at Destination 55 (unexpected?).
2025-05-07 16:58:10,704 - PLCSim_DualLift_ST - INFO - [Lift1] Cycle transition: 202 -> 205
2025-05-07 16:58:10,923 - PLCSim_DualLift_ST - INFO - [Lift1] Cycle transition: 205 -> 250
2025-05-07 16:58:11,140 - PLCSim_DualLift_ST - INFO - [Lift1] Moving forks to 1 for place at 55
2025-05-07 16:58:11,743 - PLCSim_DualLift_ST - INFO - [Lift1] Fork movement finished. Reached: 1
2025-05-07 16:58:11,744 - PLCSim_DualLift_ST - INFO - [Lift1] Cycle transition: 253 -> 255
2025-05-07 16:58:14,009 - PLCSim_DualLift_ST - INFO - [Lift1] Engine movement finished. Reached: 55
2025-05-07 16:58:14,010 - PLCSim_DualLift_ST - INFO - [Lift1] Cycle transition: 256 -> 260
2025-05-07 16:58:14,820 - PLCSim_DualLift_ST - INFO - [Lift1] Fork movement finished. Reached: 0
2025-05-07 16:58:14,821 - PLCSim_DualLift_ST - INFO - [Lift1] Cycle transition: 263 -> 299
2025-05-07 16:58:21,328 - PLCSim_DualLift_ST - INFO - ******* JOB RECEIVED DEBUG *******
2025-05-07 16:58:21,330 - PLCSim_DualLift_ST - INFO - [Lift2] Read method returned: Type=1, Origin=40, Dest=95
2025-05-07 16:58:21,330 - PLCSim_DualLift_ST - INFO - [Lift2] Direct node read: Type=1, Origin=40, Dest=95
2025-05-07 16:58:21,330 - PLCSim_DualLift_ST - INFO - [Lift2] Node datatypes: Type=4, Origin=4, Dest=4
2025-05-07 16:58:21,330 - PLCSim_DualLift_ST - INFO - [Lift2] State dictionary: Type=1, Origin=40, Dest=95
2025-05-07 16:58:21,330 - PLCSim_DualLift_ST - INFO - ********************************
2025-05-07 16:58:21,331 - PLCSim_DualLift_ST - ERROR - Error writing to OPC path Lift2/Eco_iTaskType: The value supplied for the attribute is not of the same type as the attribute"s value.(BadTypeMismatch)
2025-05-07 16:58:21,331 - PLCSim_DualLift_ST - INFO - [Lift2] Received Job Request: Type=1, Origin=40, Dest=95
2025-05-07 16:58:21,332 - PLCSim_DualLift_ST - INFO - [Lift2] Cycle transition: 10 -> 25
2025-05-07 16:58:21,534 - PLCSim_DualLift_ST - INFO - [Lift2] Validating job: Type=1, Origin=40, Dest=95
2025-05-07 16:58:21,535 - PLCSim_DualLift_ST - WARNING - [Lift2] Potential Collision Detected! MyReach(40-97), OtherReach(5-57)
2025-05-07 16:58:21,535 - PLCSim_DualLift_ST - ERROR - [Lift2] Validation Error - Lifts cross each other (overlap in reach: 40-97 vs 5-57)
2025-05-07 16:58:21,535 - PLCSim_DualLift_ST - ERROR - [Lift2] Validation Error - Lifts cross each other (overlap in reach: 40-97 vs 5-57)
2025-05-07 16:58:21,536 - PLCSim_DualLift_ST - INFO - [Lift2] Cycle transition: 25 -> 650
2025-05-07 17:00:14,994 - PLCSim_DualLift_ST - INFO - [Lift1] Cycle transition: 299 -> 10
2025-05-07 17:00:20,248 - PLCSim_DualLift_ST - INFO - [Lift2] Cycle transition: 650 -> 10
2025-05-07 17:00:30,067 - PLCSim_DualLift_ST - INFO - ******* JOB RECEIVED DEBUG *******
2025-05-07 17:00:30,068 - PLCSim_DualLift_ST - INFO - [Lift2] Read method returned: Type=1, Origin=45, Dest=95
2025-05-07 17:00:30,069 - PLCSim_DualLift_ST - INFO - [Lift2] Direct node read: Type=1, Origin=45, Dest=95
2025-05-07 17:00:30,069 - PLCSim_DualLift_ST - INFO - [Lift2] Node datatypes: Type=4, Origin=4, Dest=4
2025-05-07 17:00:30,070 - PLCSim_DualLift_ST - INFO - [Lift2] State dictionary: Type=1, Origin=45, Dest=95
2025-05-07 17:00:30,070 - PLCSim_DualLift_ST - INFO - ********************************
2025-05-07 17:00:30,071 - PLCSim_DualLift_ST - ERROR - Error writing to OPC path Lift2/Eco_iTaskType: The value supplied for the attribute is not of the same type as the attribute"s value.(BadTypeMismatch)
2025-05-07 17:00:30,072 - PLCSim_DualLift_ST - INFO - [Lift2] Received Job Request: Type=1, Origin=45, Dest=95
2025-05-07 17:00:30,072 - PLCSim_DualLift_ST - INFO - [Lift2] Cycle transition: 10 -> 25
2025-05-07 17:00:30,285 - PLCSim_DualLift_ST - INFO - [Lift2] Validating job: Type=1, Origin=45, Dest=95
2025-05-07 17:00:30,286 - PLCSim_DualLift_ST - INFO - [Lift2] Assignment Validated Successfully.
2025-05-07 17:00:30,286 - PLCSim_DualLift_ST - INFO - [Lift2] Cycle transition: 25 -> 30
2025-05-07 17:00:30,464 - PLCSim_DualLift_ST - INFO - [Lift2] Processing Accepted Job: Type=1, Origin=45, Dest=95
2025-05-07 17:00:30,465 - PLCSim_DualLift_ST - INFO - [Lift2] Current Position: Pos=90, Fork=0
2025-05-07 17:00:30,465 - PLCSim_DualLift_ST - INFO - [Lift2] Need to move to origin, proceeding to handshake
2025-05-07 17:00:30,465 - PLCSim_DualLift_ST - INFO - [Lift2] Cycle transition: 30 -> 100
2025-05-07 17:00:31,855 - PLCSim_DualLift_ST - INFO - [Lift2] Handshake Ack received for GetTray.
2025-05-07 17:00:31,856 - PLCSim_DualLift_ST - INFO - [Lift2] Cycle transition: 100 -> 101
2025-05-07 17:00:32,044 - PLCSim_DualLift_ST - INFO - [Lift2] Cycle transition: 101 -> 102
2025-05-07 17:00:34,244 - PLCSim_DualLift_ST - INFO - [Lift2] Engine movement finished. Reached: 45
2025-05-07 17:00:34,245 - PLCSim_DualLift_ST - INFO - [Lift2] Already at Origin 45.
2025-05-07 17:00:34,245 - PLCSim_DualLift_ST - INFO - [Lift2] Cycle transition: 102 -> 105
2025-05-07 17:00:34,456 - PLCSim_DualLift_ST - INFO - [Lift2] Cycle transition: 105 -> 150
2025-05-07 17:00:34,661 - PLCSim_DualLift_ST - INFO - [Lift2] Moving forks to 1 for pickup at 45
2025-05-07 17:00:35,240 - PLCSim_DualLift_ST - INFO - [Lift2] Fork movement finished. Reached: 1
2025-05-07 17:00:35,241 - PLCSim_DualLift_ST - INFO - [Lift2] Cycle transition: 153 -> 155
2025-05-07 17:00:37,632 - PLCSim_DualLift_ST - INFO - [Lift2] Engine movement finished. Reached: 45
2025-05-07 17:00:37,633 - PLCSim_DualLift_ST - INFO - [Lift2] Cycle transition: 156 -> 160
2025-05-07 17:00:38,402 - PLCSim_DualLift_ST - INFO - [Lift2] Fork movement finished. Reached: 0
2025-05-07 17:00:38,403 - PLCSim_DualLift_ST - INFO - [Lift2] Cycle transition: 163 -> 199
2025-05-07 17:00:38,610 - PLCSim_DualLift_ST - INFO - [Lift2] Cycle transition: 199 -> 201
2025-05-07 17:02:09,153 - PLCSim_DualLift_ST - INFO - [Lift2] Handshake Ack received for SetTray.
2025-05-07 17:02:09,153 - PLCSim_DualLift_ST - INFO - [Lift2] Cycle transition: 201 -> 202
2025-05-07 17:02:11,376 - PLCSim_DualLift_ST - INFO - [Lift2] Engine movement finished. Reached: 95
2025-05-07 17:02:11,376 - PLCSim_DualLift_ST - INFO - [Lift2] Already at Destination 95 (unexpected?).
2025-05-07 17:02:11,377 - PLCSim_DualLift_ST - INFO - [Lift2] Cycle transition: 202 -> 205
2025-05-07 17:02:11,578 - PLCSim_DualLift_ST - INFO - [Lift2] Cycle transition: 205 -> 250
2025-05-07 17:02:11,782 - PLCSim_DualLift_ST - INFO - [Lift2] Moving forks to 1 for place at 95
2025-05-07 17:02:12,356 - PLCSim_DualLift_ST - INFO - [Lift2] Fork movement finished. Reached: 1
2025-05-07 17:02:12,357 - PLCSim_DualLift_ST - INFO - [Lift2] Cycle transition: 253 -> 255
2025-05-07 17:02:14,752 - PLCSim_DualLift_ST - INFO - [Lift2] Engine movement finished. Reached: 95
2025-05-07 17:02:14,753 - PLCSim_DualLift_ST - INFO - [Lift2] Cycle transition: 256 -> 260
2025-05-07 17:02:15,525 - PLCSim_DualLift_ST - INFO - [Lift2] Fork movement finished. Reached: 0
2025-05-07 17:02:15,525 - PLCSim_DualLift_ST - INFO - [Lift2] Cycle transition: 263 -> 299
2025-05-07 17:02:17,554 - PLCSim_DualLift_ST - INFO - [Lift2] Cycle transition: 299 -> 10
